Build started 2/1/2013 2:42:39 PM.
     1>Project "C:\Users\Richard Slater\Documents\WindowsPowerShell\bin\cjpeg\rdjpgcom.vcxproj" on node 3 (rebuild target(s)).
     1>InitializeBuildStatus:
         Creating "rdjpgcom\Release\rdjpgcom.unsuccessfulbuild" because "AlwaysCreate" was specified.
       ClCompile:
         c:\Program Files (x86)\Microsoft Visual Studio 10.0\VC\bin\CL.exe /c /Zi /nologo /W3 /WX- /Ox /Oy /GT /GL /D WIN32 /D NDEBUG /D _CONSOLE /D _CRT_SECURE_NO_WARNINGS /Gm- /EHsc /MD /GS /Gy /fp:precise /Zc:wchar_t /Zc:forScope /Fo"rdjpgcom\Release\\" /Fd"rdjpgcom\Release\vc100.pdb" /Gd /TC /wd4996 /analyze- /errorReport:prompt rdjpgcom.c
         rdjpgcom.c
       Link:
         c:\Program Files (x86)\Microsoft Visual Studio 10.0\VC\bin\link.exe /ERRORREPORT:PROMPT /OUT:"rdjpgcom\Release\rdjpgcom.exe" /INCREMENTAL:NO /NOLOGO kernel32.lib user32.lib gdi32.lib winspool.lib comdlg32.lib advapi32.lib shell32.lib ole32.lib oleaut32.lib uuid.lib odbc32.lib odbccp32.lib /MANIFEST /ManifestFile:"rdjpgcom\Release\rdjpgcom.exe.intermediate.manifest" /MANIFESTUAC:"level='asInvoker' uiAccess='false'" /DEBUG /PDB:"C:\Users\Richard Slater\Documents\WindowsPowerShell\bin\cjpeg\rdjpgcom\Release\rdjpgcom.pdb" /SUBSYSTEM:CONSOLE /OPT:REF /OPT:ICF /LTCG /TLBID:1 /DYNAMICBASE /NXCOMPAT /IMPLIB:"rdjpgcom\Release\rdjpgcom.lib" /MACHINE:X86 rdjpgcom\Release\rdjpgcom.obj
         Generating code
         Finished generating code
         rdjpgcom.vcxproj -> C:\Users\Richard Slater\Documents\WindowsPowerShell\bin\cjpeg\rdjpgcom\Release\rdjpgcom.exe
       Manifest:
         c:\Program Files (x86)\Microsoft SDKs\Windows\v7.0A\bin\mt.exe /nologo /verbose /outputresource:"rdjpgcom\Release\rdjpgcom.exe;#1" /manifest rdjpgcom\Release\rdjpgcom.exe.intermediate.manifest
       FinalizeBuildStatus:
         Deleting file "rdjpgcom\Release\rdjpgcom.unsuccessfulbuild".
         Touching "rdjpgcom\Release\rdjpgcom.lastbuildstate".
     1>Done Building Project "C:\Users\Richard Slater\Documents\WindowsPowerShell\bin\cjpeg\rdjpgcom.vcxproj" (rebuild target(s)).

Build succeeded.

Time Elapsed 00:00:00.93
