Build started 2/1/2013 2:42:06 PM.
     1>Project "C:\Users\Richard Slater\Documents\WindowsPowerShell\bin\cjpeg\jpeg.vcxproj" on node 2 (rebuild target(s)).
     1>_PrepareForClean:
         Deleting file "Release\jpeg.lastbuildstate".
       InitializeBuildStatus:
         Creating "Release\jpeg.unsuccessfulbuild" because "AlwaysCreate" was specified.
       ClCompile:
         c:\Program Files (x86)\Microsoft Visual Studio 10.0\VC\bin\CL.exe /c /Zi /nologo /W3 /WX- /Ox /Oy /GT /GL /D WIN32 /D NDEBUG /D _LIB /D _CRT_SECURE_NO_WARNINGS /Gm- /EHsc /MD /GS /Gy /fp:precise /Zc:wchar_t /Zc:forScope /Fo"Release\\" /Fd"Release\vc100.pdb" /Gd /TC /analyze- /errorReport:prompt jaricom.c jcapimin.c jcapistd.c jcarith.c jccoefct.c jccolor.c jcdctmgr.c jchuff.c jcinit.c jcmainct.c jcmarker.c jcmaster.c jcomapi.c jcparam.c jcprepct.c jcsample.c jctrans.c jdapimin.c jdapistd.c jdarith.c jdatadst.c jdatasrc.c jdcoefct.c jdcolor.c jddctmgr.c jdhuff.c jdinput.c jdmainct.c jdmarker.c jdmaster.c jdmerge.c jdpostct.c jdsample.c jdtrans.c jerror.c jfdctflt.c jfdctfst.c jfdctint.c jidctflt.c jidctfst.c jidctint.c jmemmgr.c jmemnobs.c jquant1.c jutils.c
         jaricom.c
         jcapimin.c
         jcapistd.c
         jcarith.c
         jccoefct.c
         jccolor.c
         jcdctmgr.c
         jchuff.c
         jcinit.c
         jcmainct.c
         jcmarker.c
         jcmaster.c
         jcomapi.c
         jcparam.c
         jcprepct.c
         jcsample.c
         jctrans.c
         jdapimin.c
         jdapistd.c
         jdarith.c
         Compiling...
         jdatadst.c
         jdatasrc.c
         jdcoefct.c
         jdcolor.c
         jddctmgr.c
         jdhuff.c
         jdinput.c
         jdmainct.c
         jdmarker.c
         jdmaster.c
         jdmerge.c
         jdpostct.c
         jdsample.c
         jdtrans.c
         jerror.c
         jfdctflt.c
         jfdctfst.c
         jfdctint.c
         jidctflt.c
         jidctfst.c
         Compiling...
         jidctint.c
         jmemmgr.c
         jmemnobs.c
         jquant1.c
         jutils.c
         c:\Program Files (x86)\Microsoft Visual Studio 10.0\VC\bin\CL.exe /c /Zi /nologo /W3 /WX- /Od /Oy /GT /GL /D WIN32 /D NDEBUG /D _LIB /D _CRT_SECURE_NO_WARNINGS /Gm- /EHsc /MD /GS- /Gy /fp:precise /Zc:wchar_t /Zc:forScope /Fo"Release\\" /Fd"Release\vc100.pdb" /Gd /TC /analyze- /errorReport:prompt jquant2.c
         jquant2.c
       Lib:
         c:\Program Files (x86)\Microsoft Visual Studio 10.0\VC\bin\Lib.exe /OUT:"C:\Users\Richard Slater\Documents\WindowsPowerShell\bin\cjpeg\Release\jpeg.lib" /NOLOGO /LTCG Release\jaricom.obj
         Release\jcapimin.obj
         Release\jcapistd.obj
         Release\jcarith.obj
         Release\jccoefct.obj
         Release\jccolor.obj
         Release\jcdctmgr.obj
         Release\jchuff.obj
         Release\jcinit.obj
         Release\jcmainct.obj
         Release\jcmarker.obj
         Release\jcmaster.obj
         Release\jcomapi.obj
         Release\jcparam.obj
         Release\jcprepct.obj
         Release\jcsample.obj
         Release\jctrans.obj
         Release\jdapimin.obj
         Release\jdapistd.obj
         Release\jdarith.obj
         Release\jdatadst.obj
         Release\jdatasrc.obj
         Release\jdcoefct.obj
         Release\jdcolor.obj
         Release\jddctmgr.obj
         Release\jdhuff.obj
         Release\jdinput.obj
         Release\jdmainct.obj
         Release\jdmarker.obj
         Release\jdmaster.obj
         Release\jdmerge.obj
         Release\jdpostct.obj
         Release\jdsample.obj
         Release\jdtrans.obj
         Release\jerror.obj
         Release\jfdctflt.obj
         Release\jfdctfst.obj
         Release\jfdctint.obj
         Release\jidctflt.obj
         Release\jidctfst.obj
         Release\jidctint.obj
         Release\jmemmgr.obj
         Release\jmemnobs.obj
         Release\jquant1.obj
         Release\jquant2.obj
         Release\jutils.obj
         jpeg.vcxproj -> C:\Users\Richard Slater\Documents\WindowsPowerShell\bin\cjpeg\Release\jpeg.lib
       FinalizeBuildStatus:
         Deleting file "Release\jpeg.unsuccessfulbuild".
         Touching "Release\jpeg.lastbuildstate".
     1>Done Building Project "C:\Users\Richard Slater\Documents\WindowsPowerShell\bin\cjpeg\jpeg.vcxproj" (rebuild target(s)).

Build succeeded.

Time Elapsed 00:00:01.84
