C:\Users\Richard Slater\Documents\WindowsPowerShell\bin\cjpeg\Release\cl.command.1.tlog
C:\Users\Richard Slater\Documents\WindowsPowerShell\bin\cjpeg\Release\CL.read.1.tlog
C:\Users\Richard Slater\Documents\WindowsPowerShell\bin\cjpeg\Release\CL.write.1.tlog
C:\USERS\RICHARD SLATER\DOCUMENTS\WINDOWSPOWERSHELL\BIN\CJPEG\RELEASE\JARICOM.OBJ
C:\USERS\RICHARD SLATER\DOCUMENTS\WINDOWSPOWERSHELL\BIN\CJPEG\RELEASE\JCAPIMIN.OBJ
C:\USERS\RICHARD SLATER\DOCUMENTS\WINDOWSPOWERSHELL\BIN\CJPEG\RELEASE\JCAPISTD.OBJ
C:\USERS\RICHARD SLATER\DOCUMENTS\WINDOWSPOWERSHELL\BIN\CJPEG\RELEASE\JCARITH.OBJ
C:\USERS\RICHARD SLATER\DOCUMENTS\WINDOWSPOWERSHELL\BIN\CJPEG\RELEASE\JCCOEFCT.OBJ
C:\USERS\RICHARD SLATER\DOCUMENTS\WINDOWSPOWERSHELL\BIN\CJPEG\RELEASE\JCCOLOR.OBJ
C:\USERS\RICHARD SLATER\DOCUMENTS\WINDOWSPOWERSHELL\BIN\CJPEG\RELEASE\JCDCTMGR.OBJ
C:\USERS\RICHARD SLATER\DOCUMENTS\WINDOWSPOWERSHELL\BIN\CJPEG\RELEASE\JCHUFF.OBJ
C:\USERS\RICHARD SLATER\DOCUMENTS\WINDOWSPOWERSHELL\BIN\CJPEG\RELEASE\JCINIT.OBJ
C:\USERS\RICHARD SLATER\DOCUMENTS\WINDOWSPOWERSHELL\BIN\CJPEG\RELEASE\JCMAINCT.OBJ
C:\USERS\RICHARD SLATER\DOCUMENTS\WINDOWSPOWERSHELL\BIN\CJPEG\RELEASE\JCMARKER.OBJ
C:\USERS\RICHARD SLATER\DOCUMENTS\WINDOWSPOWERSHELL\BIN\CJPEG\RELEASE\JCMASTER.OBJ
C:\USERS\RICHARD SLATER\DOCUMENTS\WINDOWSPOWERSHELL\BIN\CJPEG\RELEASE\JCOMAPI.OBJ
C:\USERS\RICHARD SLATER\DOCUMENTS\WINDOWSPOWERSHELL\BIN\CJPEG\RELEASE\JCPARAM.OBJ
C:\USERS\RICHARD SLATER\DOCUMENTS\WINDOWSPOWERSHELL\BIN\CJPEG\RELEASE\JCPREPCT.OBJ
C:\USERS\RICHARD SLATER\DOCUMENTS\WINDOWSPOWERSHELL\BIN\CJPEG\RELEASE\JCSAMPLE.OBJ
C:\USERS\RICHARD SLATER\DOCUMENTS\WINDOWSPOWERSHELL\BIN\CJPEG\RELEASE\JCTRANS.OBJ
C:\USERS\RICHARD SLATER\DOCUMENTS\WINDOWSPOWERSHELL\BIN\CJPEG\RELEASE\JDAPIMIN.OBJ
C:\USERS\RICHARD SLATER\DOCUMENTS\WINDOWSPOWERSHELL\BIN\CJPEG\RELEASE\JDAPISTD.OBJ
C:\USERS\RICHARD SLATER\DOCUMENTS\WINDOWSPOWERSHELL\BIN\CJPEG\RELEASE\JDARITH.OBJ
C:\USERS\RICHARD SLATER\DOCUMENTS\WINDOWSPOWERSHELL\BIN\CJPEG\RELEASE\JDATADST.OBJ
C:\USERS\RICHARD SLATER\DOCUMENTS\WINDOWSPOWERSHELL\BIN\CJPEG\RELEASE\JDATASRC.OBJ
C:\USERS\RICHARD SLATER\DOCUMENTS\WINDOWSPOWERSHELL\BIN\CJPEG\RELEASE\JDCOEFCT.OBJ
C:\USERS\RICHARD SLATER\DOCUMENTS\WINDOWSPOWERSHELL\BIN\CJPEG\RELEASE\JDCOLOR.OBJ
C:\USERS\RICHARD SLATER\DOCUMENTS\WINDOWSPOWERSHELL\BIN\CJPEG\RELEASE\JDDCTMGR.OBJ
C:\USERS\RICHARD SLATER\DOCUMENTS\WINDOWSPOWERSHELL\BIN\CJPEG\RELEASE\JDHUFF.OBJ
C:\USERS\RICHARD SLATER\DOCUMENTS\WINDOWSPOWERSHELL\BIN\CJPEG\RELEASE\JDINPUT.OBJ
C:\USERS\RICHARD SLATER\DOCUMENTS\WINDOWSPOWERSHELL\BIN\CJPEG\RELEASE\JDMAINCT.OBJ
C:\USERS\RICHARD SLATER\DOCUMENTS\WINDOWSPOWERSHELL\BIN\CJPEG\RELEASE\JDMARKER.OBJ
C:\USERS\RICHARD SLATER\DOCUMENTS\WINDOWSPOWERSHELL\BIN\CJPEG\RELEASE\JDMASTER.OBJ
C:\USERS\RICHARD SLATER\DOCUMENTS\WINDOWSPOWERSHELL\BIN\CJPEG\RELEASE\JDMERGE.OBJ
C:\USERS\RICHARD SLATER\DOCUMENTS\WINDOWSPOWERSHELL\BIN\CJPEG\RELEASE\JDPOSTCT.OBJ
C:\USERS\RICHARD SLATER\DOCUMENTS\WINDOWSPOWERSHELL\BIN\CJPEG\RELEASE\JDSAMPLE.OBJ
C:\USERS\RICHARD SLATER\DOCUMENTS\WINDOWSPOWERSHELL\BIN\CJPEG\RELEASE\JDTRANS.OBJ
C:\USERS\RICHARD SLATER\DOCUMENTS\WINDOWSPOWERSHELL\BIN\CJPEG\RELEASE\JERROR.OBJ
C:\USERS\RICHARD SLATER\DOCUMENTS\WINDOWSPOWERSHELL\BIN\CJPEG\RELEASE\JFDCTFLT.OBJ
C:\USERS\RICHARD SLATER\DOCUMENTS\WINDOWSPOWERSHELL\BIN\CJPEG\RELEASE\JFDCTFST.OBJ
C:\USERS\RICHARD SLATER\DOCUMENTS\WINDOWSPOWERSHELL\BIN\CJPEG\RELEASE\JFDCTINT.OBJ
C:\USERS\RICHARD SLATER\DOCUMENTS\WINDOWSPOWERSHELL\BIN\CJPEG\RELEASE\JIDCTFLT.OBJ
C:\USERS\RICHARD SLATER\DOCUMENTS\WINDOWSPOWERSHELL\BIN\CJPEG\RELEASE\JIDCTFST.OBJ
C:\USERS\RICHARD SLATER\DOCUMENTS\WINDOWSPOWERSHELL\BIN\CJPEG\RELEASE\JIDCTINT.OBJ
C:\USERS\RICHARD SLATER\DOCUMENTS\WINDOWSPOWERSHELL\BIN\CJPEG\RELEASE\JMEMMGR.OBJ
C:\USERS\RICHARD SLATER\DOCUMENTS\WINDOWSPOWERSHELL\BIN\CJPEG\RELEASE\JMEMNOBS.OBJ
C:\USERS\RICHARD SLATER\DOCUMENTS\WINDOWSPOWERSHELL\BIN\CJPEG\RELEASE\JPEG.LIB
C:\Users\Richard Slater\Documents\WindowsPowerShell\bin\cjpeg\Release\jpeg.vcxprojResolveAssemblyReference.cache
C:\Users\Richard Slater\Documents\WindowsPowerShell\bin\cjpeg\Release\jpeg.write.1.tlog
C:\USERS\RICHARD SLATER\DOCUMENTS\WINDOWSPOWERSHELL\BIN\CJPEG\RELEASE\JQUANT1.OBJ
C:\USERS\RICHARD SLATER\DOCUMENTS\WINDOWSPOWERSHELL\BIN\CJPEG\RELEASE\JQUANT2.OBJ
C:\USERS\RICHARD SLATER\DOCUMENTS\WINDOWSPOWERSHELL\BIN\CJPEG\RELEASE\JUTILS.OBJ
C:\Users\Richard Slater\Documents\WindowsPowerShell\bin\cjpeg\Release\lib.command.1.tlog
C:\Users\Richard Slater\Documents\WindowsPowerShell\bin\cjpeg\Release\Lib-link.read.1.tlog
C:\Users\Richard Slater\Documents\WindowsPowerShell\bin\cjpeg\Release\Lib-link.write.1.tlog
C:\USERS\RICHARD SLATER\DOCUMENTS\WINDOWSPOWERSHELL\BIN\CJPEG\RELEASE\VC100.PDB
