Build started 2/1/2013 2:42:40 PM.
     1>Project "C:\Users\Richard Slater\Documents\WindowsPowerShell\bin\cjpeg\jpegtran.vcxproj" on node 4 (rebuild target(s)).
     1>InitializeBuildStatus:
         Creating "jpegtran\Release\jpegtran.unsuccessfulbuild" because "AlwaysCreate" was specified.
       ClCompile:
         c:\Program Files (x86)\Microsoft Visual Studio 10.0\VC\bin\CL.exe /c /Zi /nologo /W3 /WX- /Ox /Oy /GT /GL /D WIN32 /D NDEBUG /D _CONSOLE /D _CRT_SECURE_NO_WARNINGS /Gm- /EHsc /MD /GS /Gy /fp:precise /Zc:wchar_t /Zc:forScope /Fo"jpegtran\Release\\" /Fd"jpegtran\Release\vc100.pdb" /Gd /TC /wd4996 /analyze- /errorReport:prompt cdjpeg.c jpegtran.c rdswitch.c transupp.c
         cdjpeg.c
         jpegtran.c
         rdswitch.c
         transupp.c
       Link:
         c:\Program Files (x86)\Microsoft Visual Studio 10.0\VC\bin\link.exe /ERRORREPORT:PROMPT /OUT:"jpegtran\Release\jpegtran.exe" /INCREMENTAL:NO /NOLOGO Release\jpeg.lib kernel32.lib user32.lib gdi32.lib winspool.lib comdlg32.lib advapi32.lib shell32.lib ole32.lib oleaut32.lib uuid.lib odbc32.lib odbccp32.lib kernel32.lib user32.lib gdi32.lib winspool.lib comdlg32.lib advapi32.lib shell32.lib ole32.lib oleaut32.lib uuid.lib odbc32.lib odbccp32.lib /MANIFEST /ManifestFile:"jpegtran\Release\jpegtran.exe.intermediate.manifest" /MANIFESTUAC:"level='asInvoker' uiAccess='false'" /DEBUG /PDB:"C:\Users\Richard Slater\Documents\WindowsPowerShell\bin\cjpeg\jpegtran\Release\jpegtran.pdb" /SUBSYSTEM:CONSOLE /OPT:REF /OPT:ICF /LTCG /TLBID:1 /DYNAMICBASE /NXCOMPAT /IMPLIB:"jpegtran\Release\jpegtran.lib" /MACHINE:X86 jpegtran\Release\cdjpeg.obj
         jpegtran\Release\jpegtran.obj
         jpegtran\Release\rdswitch.obj
         jpegtran\Release\transupp.obj
         Generating code
         Finished generating code
         jpegtran.vcxproj -> C:\Users\Richard Slater\Documents\WindowsPowerShell\bin\cjpeg\jpegtran\Release\jpegtran.exe
       Manifest:
         c:\Program Files (x86)\Microsoft SDKs\Windows\v7.0A\bin\mt.exe /nologo /verbose /outputresource:"jpegtran\Release\jpegtran.exe;#1" /manifest jpegtran\Release\jpegtran.exe.intermediate.manifest
       FinalizeBuildStatus:
         Deleting file "jpegtran\Release\jpegtran.unsuccessfulbuild".
         Touching "jpegtran\Release\jpegtran.lastbuildstate".
     1>Done Building Project "C:\Users\Richard Slater\Documents\WindowsPowerShell\bin\cjpeg\jpegtran.vcxproj" (rebuild target(s)).

Build succeeded.

Time Elapsed 00:00:02.34
