Build started 2/1/2013 2:42:39 PM.
     1>Project "C:\Users\Richard Slater\Documents\WindowsPowerShell\bin\cjpeg\wrjpgcom.vcxproj" on node 2 (rebuild target(s)).
     1>InitializeBuildStatus:
         Creating "wrjpgcom\Release\wrjpgcom.unsuccessfulbuild" because "AlwaysCreate" was specified.
       ClCompile:
         c:\Program Files (x86)\Microsoft Visual Studio 10.0\VC\bin\CL.exe /c /Zi /nologo /W3 /WX- /Ox /Oy /GT /GL /D WIN32 /D NDEBUG /D _CONSOLE /D _CRT_SECURE_NO_WARNINGS /Gm- /EHsc /MD /GS /Gy /fp:precise /Zc:wchar_t /Zc:forScope /Fo"wrjpgcom\Release\\" /Fd"wrjpgcom\Release\vc100.pdb" /Gd /TC /wd4996 /analyze- /errorReport:prompt wrjpgcom.c
         wrjpgcom.c
       Link:
         c:\Program Files (x86)\Microsoft Visual Studio 10.0\VC\bin\link.exe /ERRORREPORT:PROMPT /OUT:"wrjpgcom\Release\wrjpgcom.exe" /INCREMENTAL:NO /NOLOGO kernel32.lib user32.lib gdi32.lib winspool.lib comdlg32.lib advapi32.lib shell32.lib ole32.lib oleaut32.lib uuid.lib odbc32.lib odbccp32.lib /MANIFEST /ManifestFile:"wrjpgcom\Release\wrjpgcom.exe.intermediate.manifest" /MANIFESTUAC:"level='asInvoker' uiAccess='false'" /DEBUG /PDB:"C:\Users\Richard Slater\Documents\WindowsPowerShell\bin\cjpeg\wrjpgcom\Release\wrjpgcom.pdb" /SUBSYSTEM:CONSOLE /OPT:REF /OPT:ICF /LTCG /TLBID:1 /DYNAMICBASE /NXCOMPAT /IMPLIB:"wrjpgcom\Release\wrjpgcom.lib" /MACHINE:X86 wrjpgcom\Release\wrjpgcom.obj
         Generating code
         Finished generating code
         wrjpgcom.vcxproj -> C:\Users\Richard Slater\Documents\WindowsPowerShell\bin\cjpeg\wrjpgcom\Release\wrjpgcom.exe
       Manifest:
         c:\Program Files (x86)\Microsoft SDKs\Windows\v7.0A\bin\mt.exe /nologo /verbose /outputresource:"wrjpgcom\Release\wrjpgcom.exe;#1" /manifest wrjpgcom\Release\wrjpgcom.exe.intermediate.manifest
       FinalizeBuildStatus:
         Deleting file "wrjpgcom\Release\wrjpgcom.unsuccessfulbuild".
         Touching "wrjpgcom\Release\wrjpgcom.lastbuildstate".
     1>Done Building Project "C:\Users\Richard Slater\Documents\WindowsPowerShell\bin\cjpeg\wrjpgcom.vcxproj" (rebuild target(s)).

Build succeeded.

Time Elapsed 00:00:01.19
